<?xml version="1.0" encoding="UTF-8"?>
<!-- Generated by org.testng.reporters.JUnitReportReporter -->
<testsuite skipped="0" hostname="TW-577" name="com.tests.BasePageTest" tests="4" failures="1" timestamp="06 Aug 2019 09:54:38 GMT" time="3.236" errors="0">
  <testcase name="verifyHomePage" time="0.012" classname="com.tests.BasePageTest"/>
  <testcase name="baseTest1" time="0.112" classname="com.tests.BasePageTest">
    <failure type="java.lang.AssertionError" message="Falied due to mis matched expected [Varun] but found [Arun]">
      <![CDATA[java.lang.AssertionError: Falied due to mis matched expected [Varun] but found [Arun]
at org.testng.Assert.fail(Assert.java:96)
at org.testng.Assert.failNotEquals(Assert.java:776)
at org.testng.Assert.assertEqualsImpl(Assert.java:137)
at org.testng.Assert.assertEquals(Assert.java:118)
at org.testng.Assert.assertEquals(Assert.java:453)
at com.tests.BasePageTest.baseTest1(BasePageTest.java:36)
at sun.reflect.NativeMethodAccessorImpl.invoke0(Native Method)
at sun.reflect.NativeMethodAccessorImpl.invoke(NativeMethodAccessorImpl.java:62)
at sun.reflect.DelegatingMethodAccessorImpl.invoke(DelegatingMethodAccessorImpl.java:43)
at java.lang.reflect.Method.invoke(Method.java:498)
at org.testng.internal.MethodInvocationHelper.invokeMethod(MethodInvocationHelper.java:124)
at org.testng.internal.Invoker.invokeMethod(Invoker.java:580)
at org.testng.internal.Invoker.invokeTestMethod(Invoker.java:716)
at org.testng.internal.Invoker.invokeTestMethods(Invoker.java:988)
at org.testng.internal.TestMethodWorker.invokeTestMethods(TestMethodWorker.java:125)
at org.testng.internal.TestMethodWorker.run(TestMethodWorker.java:109)
at java.util.concurrent.ThreadPoolExecutor.runWorker(ThreadPoolExecutor.java:1149)
at java.util.concurrent.ThreadPoolExecutor$Worker.run(ThreadPoolExecutor.java:624)
at java.lang.Thread.run(Thread.java:748)
]]>
    </failure>
  </testcase> <!-- baseTest1 -->
  <testcase name="baseTest3" time="0.001" classname="com.tests.BasePageTest"/>
  <testcase name="baseTest2" time="3.111" classname="com.tests.BasePageTest"/>
</testsuite> <!-- com.tests.BasePageTest -->
